#
# A fatal error has been detected by the Java Runtime Environment:
#
#  EXCEPTION_ACCESS_VIOLATION (0xc0000005) at pc=0x000000005f41f375, pid=3500, tid=0x0000000000001b00
#
# JRE version: Java(TM) SE Runtime Environment (8.0_221-b11) (build 1.8.0_221-b11)
# Java VM: Java HotSpot(TM) 64-Bit Server VM (25.221-b11 mixed mode windows-amd64 compressed oops)
# Problematic frame:
# V  [jvm.dll+0xff375]
#
# Failed to write core dump. Minidumps are not enabled by default on client versions of Windows
#
# If you would like to submit a bug report, please visit:
#   http://bugreport.java.com/bugreport/crash.jsp
#

---------------  T H R E A D  ---------------

Current thread (0x000000001cc49800):  VMThread [stack: 0x000000001e930000,0x000000001ea30000] [id=6912]

siginfo: ExceptionCode=0xc0000005, reading address 0x0000000000000008

Registers:
RAX=0x0000000000000000, RBX=0x000000001c6d44c8, RCX=0x0000000000000000, RDX=0x0000000000000000
RSP=0x000000001ea2f1d0, RBP=0x00000000000000da, RSI=0x000000005fb35dd0, RDI=0x000000001ea2f4b0
R8 =0x0000000000000000, R9 =0x000000001c6d44c8, R10=0x00000000000000ca, R11=0x000000001c6d335a
R12=0x0000000000000001, R13=0x0000000000000001, R14=0x00000000000003d8, R15=0x000000001ea2f2d0
RIP=0x000000005f41f375, EFLAGS=0x0000000000010202

Top of Stack: (sp=0x000000001ea2f1d0)
0x000000001ea2f1d0:   000000001ea2f4b0 00000000032308da
0x000000001ea2f1e0:   0000000003230790 0000000000000000
0x000000001ea2f1f0:   000000004fffffff 000000005f41e542
0x000000001ea2f200:   00000000460000d0 000000001ea2f270
0x000000001ea2f210:   000066f6c73683ed 000000005f41f972
0x000000001ea2f220:   000000001ea2f2e0 0000000000000001
0x000000001ea2f230:   000000001ea2f2f0 000000001ea2f4b0
0x000000001ea2f240:   000000001ea2f320 000000005f4225a0
0x000000001ea2f250:   00000000000000da 00000000000000da
0x000000001ea2f260:   00000000000000e5 000000005f41f7f6
0x000000001ea2f270:   00000000000000da 000000001ea2f320
0x000000001ea2f280:   000000001ea2f2e0 00000000000000e5
0x000000001ea2f290:   000000001c6d3400 000000005f4230ff
0x000000001ea2f2a0:   000000001ea2f4b0 000000001ea2f320
0x000000001ea2f2b0:   00000000031d9a78 000000001c6d3400
0x000000001ea2f2c0:   000000000000000a 0000000000000000 

Instructions: (pc=0x000000005f41f375)
0x000000005f41f355:   8b d2 e8 54 7f ff ff 48 8b cb 8b d0 e8 5a 78 ff
0x000000005f41f365:   ff 48 8d 35 63 6a 71 00 48 63 c8 48 8b 44 cb 50
0x000000005f41f375:   0f b6 48 08 8b 05 35 6a 71 00 80 f9 4c 74 2b 80
0x000000005f41f385:   f9 5b 74 26 80 f9 4a 74 18 80 f9 44 74 13 48 8d 


Register to memory mapping:

RAX=0x0000000000000000 is an unknown value
RBX=0x000000001c6d44c8 is pointing into metadata
RCX=0x0000000000000000 is an unknown value
RDX=0x0000000000000000 is an unknown value
RSP=0x000000001ea2f1d0 is an unknown value
RBP=0x00000000000000da is an unknown value
RSI=0x000000005fb35dd0 is an unknown value
RDI=0x000000001ea2f4b0 is an unknown value
R8 =0x0000000000000000 is an unknown value
R9 =0x000000001c6d44c8 is pointing into metadata
R10=0x00000000000000ca is an unknown value
R11=0x000000001c6d335a is pointing into metadata
R12=0x0000000000000001 is an unknown value
R13=0x0000000000000001 is an unknown value
R14=0x00000000000003d8 is an unknown value
R15=0x000000001ea2f2d0 is an unknown value


Stack: [0x000000001e930000,0x000000001ea30000],  sp=0x000000001ea2f1d0,  free space=1020k
Native frames: (J=compiled Java code, j=interpreted, Vv=VM code, C=native code)
V  [jvm.dll+0xff375]
V  [jvm.dll+0x1025a0]
V  [jvm.dll+0x1030ff]
V  [jvm.dll+0x103945]
V  [jvm.dll+0x103b92]
V  [jvm.dll+0xc505e]
V  [jvm.dll+0xc56e8]
V  [jvm.dll+0xc581a]
V  [jvm.dll+0xc5a18]
V  [jvm.dll+0x10f9fa]
V  [jvm.dll+0x12d37f]
V  [jvm.dll+0x1bf5af]
V  [jvm.dll+0x24d517]
V  [jvm.dll+0x24c7b6]
V  [jvm.dll+0x24cc51]
V  [jvm.dll+0x24ce6e]
V  [jvm.dll+0x29fb8a]
C  [msvcr100.dll+0x21d9f]
C  [msvcr100.dll+0x21e3b]
C  [KERNEL32.DLL+0x17bd4]
C  [ntdll.dll+0x6ce71]

VM_Operation (0x000000001f76f540): GetOrSetLocal, mode: safepoint, requested by thread 0x000000001eb64000


---------------  P R O C E S S  ---------------

Java Threads: ( => current thread )
  0x000000001ecd8800 JavaThread "Service Thread" daemon [_thread_blocked, id=1704, stack(0x000000001fd70000,0x000000001fe70000)]
  0x000000001ec43800 JavaThread "C1 CompilerThread3" daemon [_thread_blocked, id=10224, stack(0x000000001fc70000,0x000000001fd70000)]
  0x000000001ec40800 JavaThread "C2 CompilerThread2" daemon [_thread_blocked, id=8840, stack(0x000000001fb70000,0x000000001fc70000)]
  0x000000001ec40000 JavaThread "C2 CompilerThread1" daemon [_thread_blocked, id=12156, stack(0x000000001fa70000,0x000000001fb70000)]
  0x000000001ec53000 JavaThread "C2 CompilerThread0" daemon [_thread_blocked, id=2164, stack(0x000000001f970000,0x000000001fa70000)]
  0x000000001eb76000 JavaThread "JDWP Command Reader" daemon [_thread_in_native, id=10668, stack(0x000000001f870000,0x000000001f970000)]
  0x000000001eb6f000 JavaThread "JDWP Event Helper Thread" daemon [_thread_blocked, id=12648, stack(0x000000001f770000,0x000000001f870000)]
  0x000000001eb64000 JavaThread "JDWP Transport Listener: dt_socket" daemon [_thread_blocked, id=14488, stack(0x000000001f670000,0x000000001f770000)]
  0x000000001eb5a000 JavaThread "Attach Listener" daemon [_thread_blocked, id=7676, stack(0x000000001f230000,0x000000001f330000)]
  0x000000001eb59800 JavaThread "Signal Dispatcher" daemon [_thread_blocked, id=1760, stack(0x000000001f130000,0x000000001f230000)]
  0x000000001eb50800 JavaThread "Finalizer" daemon [_thread_blocked, id=2840, stack(0x000000001ef30000,0x000000001f030000)]
  0x0000000003229000 JavaThread "Reference Handler" daemon [_thread_blocked, id=12528, stack(0x000000001ea30000,0x000000001eb30000)]
  0x0000000003132800 JavaThread "main" [_thread_blocked, id=5676, stack(0x0000000002d90000,0x0000000002e90000)]

Other Threads:
=>0x000000001cc49800 VMThread [stack: 0x000000001e930000,0x000000001ea30000] [id=6912]
  0x000000001edb7000 WatcherThread [stack: 0x000000001fe70000,0x000000001ff70000] [id=5080]

VM state:at safepoint (normal execution)

VM Mutex/Monitor currently owned by a thread:  ([mutex/lock_event])
[0x0000000002e9d8f0] Threads_lock - owner thread: 0x000000001cc49800

heap address: 0x00000006c1c00000, size: 4068 MB, Compressed Oops mode: Zero based, Oop shift amount: 3
Narrow klass base: 0x0000000000000000, Narrow klass shift: 3
Compressed class space size: 1073741824 Address: 0x00000007c0000000

Heap:
 PSYoungGen      total 76288K, used 17096K [0x000000076b400000, 0x0000000770900000, 0x00000007c0000000)
  eden space 65536K, 26% used [0x000000076b400000,0x000000076c4b2288,0x000000076f400000)
  from space 10752K, 0% used [0x000000076fe80000,0x000000076fe80000,0x0000000770900000)
  to   space 10752K, 0% used [0x000000076f400000,0x000000076f400000,0x000000076fe80000)
 ParOldGen       total 175104K, used 0K [0x00000006c1c00000, 0x00000006cc700000, 0x000000076b400000)
  object space 175104K, 0% used [0x00000006c1c00000,0x00000006c1c00000,0x00000006cc700000)
 Metaspace       used 5129K, capacity 5250K, committed 5504K, reserved 1056768K
  class space    used 530K, capacity 561K, committed 640K, reserved 1048576K

Card table byte_map: [0x00000000125f0000,0x0000000012df0000] byte_map_base: 0x000000000efe2000

Marking Bits: (ParMarkBitMap*) 0x000000005fb45ce0
 Begin Bits: [0x0000000013b40000, 0x0000000017ad0000)
 End Bits:   [0x0000000017ad0000, 0x000000001ba60000)

Polling page: 0x00000000015b0000

CodeCache: size=245760Kb used=2086Kb max_used=2100Kb free=243673Kb
 bounds [0x0000000003230000, 0x00000000034a0000, 0x0000000012230000]
 total_blobs=547 nmethods=259 adapters=209
 compilation: enabled

Compilation events (10 events):
Event: 31729.730 Thread 0x000000001ec43800  258  s    3       java.lang.StringBuffer::append (13 bytes)
Event: 31729.731 Thread 0x000000001ec43800 nmethod 258 0x0000000003435f90 code [0x0000000003436100, 0x0000000003436428]
Event: 31729.731 Thread 0x000000001ec43800  259       3       org.eclipse.jdt.launching.internal.org.objectweb.asm.ClassReader::readVerificationTypeInfo (184 bytes)
Event: 31729.734 Thread 0x000000001ec43800 nmethod 259 0x00000000034378d0 code [0x0000000003437ba0, 0x00000000034393e8]
Event: 31729.734 Thread 0x000000001ec43800  260       3       org.eclipse.jdt.launching.internal.org.objectweb.asm.MethodWriter::putFrameType (83 bytes)
Event: 31729.734 Thread 0x000000001ec43800 nmethod 260 0x0000000003435010 code [0x0000000003435220, 0x0000000003435c38]
Event: 31739.244 Thread 0x000000001ec43800  261       3       org.eclipse.jdt.launching.internal.org.objectweb.asm.MethodWriter::visitTypeInsn (116 bytes)
Event: 31739.244 Thread 0x000000001ec43800 nmethod 261 0x0000000003434610 code [0x00000000034347c0, 0x0000000003434da8]
Event: 31807.177 Thread 0x000000001ec53000  262       4       org.eclipse.jdt.launching.internal.org.objectweb.asm.SymbolTable::addConstantUtf8 (98 bytes)
Event: 31807.191 Thread 0x000000001ec53000 nmethod 262 0x000000000343e2d0 code [0x000000000343e480, 0x000000000343f178]

GC Heap History (0 events):
No events

Deoptimization events (0 events):
No events

Classes redefined (10 events):
Event: 31364.373 Thread 0x000000001cc49800 redefined class name=Game.HandData, count=15
Event: 31381.736 Thread 0x000000001cc49800 redefined class name=Game.HandData, count=16
Event: 31450.407 Thread 0x000000001cc49800 redefined class name=Game.HandData, count=17
Event: 31458.902 Thread 0x000000001cc49800 redefined class name=Game.HandData, count=18
Event: 31469.979 Thread 0x000000001cc49800 redefined class name=Game.HandData, count=19
Event: 31671.224 Thread 0x000000001cc49800 redefined class name=Game.HandData, count=20
Event: 31681.538 Thread 0x000000001cc49800 redefined class name=Game.HandData, count=21
Event: 31729.734 Thread 0x000000001cc49800 redefined class name=Game.HandData, count=22
Event: 31739.247 Thread 0x000000001cc49800 redefined class name=Game.HandData, count=23
Event: 31807.179 Thread 0x000000001cc49800 redefined class name=Game.HandData, count=24

Internal exceptions (2 events):
Event: 0.034 Thread 0x0000000003132800 Exception <a 'java/lang/NoSuchMethodError': Method sun.misc.Unsafe.defineClass(Ljava/lang/String;[BII)Ljava/lang/Class; name or signature does not match> (0x000000076b407cb8) thrown at [C:\re\workspace\8-2-build-windows-amd64-cygwin\jdk8u221\13320\hotspot
Event: 0.035 Thread 0x0000000003132800 Exception <a 'java/lang/NoSuchMethodError': Method sun.misc.Unsafe.prefetchRead(Ljava/lang/Object;J)V name or signature does not match> (0x000000076b407fa0) thrown at [C:\re\workspace\8-2-build-windows-amd64-cygwin\jdk8u221\13320\hotspot\src\share\vm\prim

Events (10 events):
Event: 31761.498 Executing VM operation: GetOrSetLocal done
Event: 31807.178 Executing VM operation: RedefineClasses
Event: 31807.179 Executing VM operation: RedefineClasses done
Event: 31807.183 Executing VM operation: ChangeBreakpoints
Event: 31807.183 Executing VM operation: ChangeBreakpoints done
Event: 31807.307 Executing VM operation: GetOwnedMonitorInfo
Event: 31807.307 Executing VM operation: GetOwnedMonitorInfo done
Event: 31807.307 Executing VM operation: GetCurrentContendedMonitor
Event: 31807.307 Executing VM operation: GetCurrentContendedMonitor done
Event: 31815.545 Executing VM operation: GetOrSetLocal


Dynamic libraries:
0x00007ff7ae5c0000 - 0x00007ff7ae5f7000 	C:\Program Files\Java\jre1.8.0_221\bin\javaw.exe
0x00007ffd91cc0000 - 0x00007ffd91eb0000 	C:\Windows\SYSTEM32\ntdll.dll
0x00007ffd91760000 - 0x00007ffd91812000 	C:\Windows\System32\KERNEL32.DLL
0x00007ffd8f5b0000 - 0x00007ffd8f853000 	C:\Windows\System32\KERNELBASE.dll
0x00007ffd8fd70000 - 0x00007ffd8fe13000 	C:\Windows\System32\ADVAPI32.dll
0x00007ffd916c0000 - 0x00007ffd9175e000 	C:\Windows\System32\msvcrt.dll
0x00007ffd91be0000 - 0x00007ffd91c77000 	C:\Windows\System32\sechost.dll
0x00007ffd90430000 - 0x00007ffd90550000 	C:\Windows\System32\RPCRT4.dll
0x00007ffd90790000 - 0x00007ffd90923000 	C:\Windows\System32\USER32.dll
0x00007ffd8fd20000 - 0x00007ffd8fd41000 	C:\Windows\System32\win32u.dll
0x00007ffd91bb0000 - 0x00007ffd91bd6000 	C:\Windows\System32\GDI32.dll
0x00007ffd8f9b0000 - 0x00007ffd8fb44000 	C:\Windows\System32\gdi32full.dll
0x00007ffd8f860000 - 0x00007ffd8f8fe000 	C:\Windows\System32\msvcp_win.dll
0x00007ffd8f4b0000 - 0x00007ffd8f5aa000 	C:\Windows\System32\ucrtbase.dll
0x00007ffd7fa70000 - 0x00007ffd7fcf5000 	C:\Windows\WinSxS\amd64_microsoft.windows.common-controls_6595b64144ccf1df_6.0.18362.295_none_e6c3acbd13101292\COMCTL32.dll
0x00007ffd91030000 - 0x00007ffd91366000 	C:\Windows\System32\combase.dll
0x00007ffd8ecb0000 - 0x00007ffd8ed30000 	C:\Windows\System32\bcryptPrimitives.dll
0x00007ffd91820000 - 0x00007ffd9184e000 	C:\Windows\System32\IMM32.DLL
0x000000005ef10000 - 0x000000005efe2000 	C:\Program Files\Java\jre1.8.0_221\bin\msvcr100.dll
0x000000005f320000 - 0x000000005fbc5000 	C:\Program Files\Java\jre1.8.0_221\bin\server\jvm.dll
0x00007ffd8ff00000 - 0x00007ffd8ff08000 	C:\Windows\System32\PSAPI.DLL
0x00007ffd886b0000 - 0x00007ffd886ba000 	C:\Windows\SYSTEM32\VERSION.dll
0x00007ffd8cb40000 - 0x00007ffd8cb64000 	C:\Windows\SYSTEM32\WINMM.dll
0x00007ffd8cd40000 - 0x00007ffd8cd49000 	C:\Windows\SYSTEM32\WSOCK32.dll
0x00007ffd91a00000 - 0x00007ffd91a6f000 	C:\Windows\System32\WS2_32.dll
0x00007ffd8cb10000 - 0x00007ffd8cb3d000 	C:\Windows\SYSTEM32\WINMMBASE.dll
0x00007ffd8fcd0000 - 0x00007ffd8fd1a000 	C:\Windows\System32\cfgmgr32.dll
0x00007ffd8b690000 - 0x00007ffd8b69f000 	C:\Program Files\Java\jre1.8.0_221\bin\verify.dll
0x00007ffd84c70000 - 0x00007ffd84c99000 	C:\Program Files\Java\jre1.8.0_221\bin\java.dll
0x00007ffd75cc0000 - 0x00007ffd75cf5000 	C:\Program Files\Java\jre1.8.0_221\bin\jdwp.dll
0x00007ffd8a2f0000 - 0x00007ffd8a2f8000 	C:\Program Files\Java\jre1.8.0_221\bin\npt.dll
0x00007ffd75c90000 - 0x00007ffd75cb3000 	C:\Program Files\Java\jre1.8.0_221\bin\instrument.dll
0x00007ffd84c50000 - 0x00007ffd84c66000 	C:\Program Files\Java\jre1.8.0_221\bin\zip.dll
0x00007ffd90940000 - 0x00007ffd91022000 	C:\Windows\System32\SHELL32.dll
0x00007ffd90670000 - 0x00007ffd90719000 	C:\Windows\System32\shcore.dll
0x00007ffd8ed30000 - 0x00007ffd8f4ac000 	C:\Windows\System32\windows.storage.dll
0x00007ffd8ebc0000 - 0x00007ffd8ebdf000 	C:\Windows\System32\profapi.dll
0x00007ffd8ec00000 - 0x00007ffd8ec4a000 	C:\Windows\System32\powrprof.dll
0x00007ffd8eb90000 - 0x00007ffd8eba0000 	C:\Windows\System32\UMPDC.dll
0x00007ffd91530000 - 0x00007ffd91582000 	C:\Windows\System32\shlwapi.dll
0x00007ffd8eba0000 - 0x00007ffd8ebb1000 	C:\Windows\System32\kernel.appcore.dll
0x00007ffd8fd50000 - 0x00007ffd8fd67000 	C:\Windows\System32\cryptsp.dll
0x00007ffd85300000 - 0x00007ffd85309000 	C:\Program Files\Java\jre1.8.0_221\bin\dt_socket.dll
0x00007ffd88310000 - 0x00007ffd88326000 	C:\Windows\system32\napinsp.dll
0x00007ffd72900000 - 0x00007ffd7291a000 	C:\Windows\system32\pnrpnsp.dll
0x00007ffd8e400000 - 0x00007ffd8e467000 	C:\Windows\System32\mswsock.dll
0x00007ffd8e150000 - 0x00007ffd8e21a000 	C:\Windows\SYSTEM32\DNSAPI.dll
0x00007ffd8fef0000 - 0x00007ffd8fef8000 	C:\Windows\System32\NSI.dll
0x00007ffd8e110000 - 0x00007ffd8e14a000 	C:\Windows\SYSTEM32\IPHLPAPI.DLL
0x00007ffd8a790000 - 0x00007ffd8a79e000 	C:\Windows\System32\winrnr.dll
0x00007ffd8b370000 - 0x00007ffd8b38c000 	C:\Windows\system32\NLAapi.dll
0x00007ffd89310000 - 0x00007ffd89325000 	C:\Windows\system32\wshbth.dll
0x00007ffd858b0000 - 0x00007ffd85927000 	C:\Windows\System32\fwpuclnt.dll
0x00007ffd8fb50000 - 0x00007ffd8fb76000 	C:\Windows\System32\bcrypt.dll
0x00007ffd85ed0000 - 0x00007ffd85eda000 	C:\Windows\System32\rasadhlp.dll
0x00007ffd793a0000 - 0x00007ffd79594000 	C:\Windows\SYSTEM32\dbghelp.dll

VM Arguments:
jvm_args: -agentlib:jdwp=transport=dt_socket,suspend=y,address=localhost:51528 -javaagent:C:\Users\franc\eclipse\java-2019-06\eclipse\configuration\org.eclipse.osgi\226\0\.cp\lib\javaagent-shaded.jar -Dfile.encoding=Cp1252 
java_command: Game.test
java_class_path (initial): C:\Users\franc\git\Poker\Poker\bin;C:\Users\franc\eclipse\java-2019-06\eclipse\configuration\org.eclipse.osgi\226\0\.cp\lib\javaagent-shaded.jar
Launcher Type: SUN_STANDARD

Environment Variables:
PATH=C:/Program Files/Java/jre1.8.0_221/bin/server;C:/Program Files/Java/jre1.8.0_221/bin;C:/Program Files/Java/jre1.8.0_221/lib/amd64;C:\Program Files (x86)\Common Files\Oracle\Java\javapath;C:\Windows\system32;C:\Windows;C:\Windows\System32\Wbem;C:\Windows\System32\WindowsPowerShell\v1.0\;C:\Windows\System32\OpenSSH\;C:\Program Files\NVIDIA Corporation\NVIDIA NvDLISR;C:\Program Files (x86)\NVIDIA Corporation\PhysX\Common;C:\Users\franc\AppData\Local\Microsoft\WindowsApps;;C:\Users\franc\OneDrive\Desktop;
USERNAME=franc
OS=Windows_NT
PROCESSOR_IDENTIFIER=Intel64 Family 6 Model 158 Stepping 9, GenuineIntel



---------------  S Y S T E M  ---------------

OS: Windows 10.0 , 64 bit Build 18362 (10.0.18362.86)

CPU:total 8 (initial active 8) (4 cores per cpu, 2 threads per core) family 6 model 158 stepping 9, cmov, cx8, fxsr, mmx, sse, sse2, sse3, ssse3, sse4.1, sse4.2, popcnt, avx, avx2, aes, clmul, erms, 3dnowpref, lzcnt, ht, tsc, tscinvbit, bmi1, bmi2, adx

Memory: 4k page, physical 16658020k(11047424k free), swap 19148388k(10855468k free)

vm_info: Java HotSpot(TM) 64-Bit Server VM (25.221-b11) for windows-amd64 JRE (1.8.0_221-b11), built on Jul  4 2019 04:39:29 by "java_re" with MS VC++ 10.0 (VS2010)

time: Tue Sep 10 00:47:45 2019
timezone: AUS Eastern Standard Time
elapsed time: 31815 seconds (0d 8h 50m 15s)

